Using pre-set license
Built from '2022.1/staging' branch; Version is '2022.1.8f1 (2961e8c2b463) revision 2712040'; Using compiler version '192829333'; Build Type 'Release'
OS: 'Windows 10  (10.0.19044) 64bit CoreSingleLanguage' Language: 'ru' Physical Memory: 16191 MB
BatchMode: 1, IsHumanControllingUs: 0, StartBugReporterOnCrash: 0, Is64bit: 1, IsPro: 1

COMMAND LINE ARGUMENTS:
C:\Program Files\Unity\Hub\Editor\2022.1.8f1\Editor\Unity.exe
-adb2
-batchMode
-noUpm
-name
AssetImportWorker3
-projectPath
D:/GitHub/Reposit/AddTask/Additional task
-logFile
Logs/AssetImportWorker3.log
-srvPort
62852
Successfully changed project path to: D:/GitHub/Reposit/AddTask/Additional task
D:/GitHub/Reposit/AddTask/Additional task
[UnityMemory] Configuration Parameters - Can be set up in boot.config
    "memorysetup-bucket-allocator-granularity=16"
    "memorysetup-bucket-allocator-bucket-count=8"
    "memorysetup-bucket-allocator-block-size=33554432"
    "memorysetup-bucket-allocator-block-count=8"
    "memorysetup-main-allocator-block-size=16777216"
    "memorysetup-thread-allocator-block-size=16777216"
    "memorysetup-gfx-main-allocator-block-size=16777216"
    "memorysetup-gfx-thread-allocator-block-size=16777216"
    "memorysetup-cache-allocator-block-size=4194304"
    "memorysetup-typetree-allocator-block-size=2097152"
    "memorysetup-profiler-bucket-allocator-granularity=16"
    "memorysetup-profiler-bucket-allocator-bucket-count=8"
    "memorysetup-profiler-bucket-allocator-block-size=33554432"
    "memorysetup-profiler-bucket-allocator-block-count=8"
    "memorysetup-profiler-allocator-block-size=16777216"
    "memorysetup-profiler-editor-allocator-block-size=1048576"
    "memorysetup-temp-allocator-size-main=16777216"
    "memorysetup-job-temp-allocator-block-size=2097152"
    "memorysetup-job-temp-allocator-block-size-background=1048576"
    "memorysetup-job-temp-allocator-reduction-small-platforms=262144"
    "memorysetup-temp-allocator-size-background-worker=32768"
    "memorysetup-temp-allocator-size-job-worker=262144"
    "memorysetup-temp-allocator-size-preload-manager=33554432"
    "memorysetup-temp-allocator-size-nav-mesh-worker=65536"
    "memorysetup-temp-allocator-size-audio-worker=65536"
    "memorysetup-temp-allocator-size-cloud-worker=32768"
    "memorysetup-temp-allocator-size-gi-baking-worker=262144"
    "memorysetup-temp-allocator-size-gfx=262144"
Refreshing native plugins compatible for Editor in 126.68 ms, found 3 plugins.
Preloading 0 native plugins for Editor in 0.00 ms.
Initialize engine version: 2022.1.8f1 (2961e8c2b463)
[Subsystems] Discovering subsystems at path C:/Program Files/Unity/Hub/Editor/2022.1.8f1/Editor/Data/Resources/UnitySubsystems
[Subsystems] Discovering subsystems at path D:/GitHub/Reposit/AddTask/Additional task/Assets
GfxDevice: creating device client; threaded=0; jobified=0
Direct3D:
    Version:  Direct3D 11.0 [level 11.1]
    Renderer: NVIDIA GeForce GTX 1050 Ti (ID=0x1c8c)
    Vendor:   NVIDIA
    VRAM:     4018 MB
    Driver:   30.0.15.1259
Initialize mono
Mono path[0] = 'C:/Program Files/Unity/Hub/Editor/2022.1.8f1/Editor/Data/Managed'
Mono path[1] = 'C:/Program Files/Unity/Hub/Editor/2022.1.8f1/Editor/Data/MonoBleedingEdge/lib/mono/unityjit-win32'
Mono config path = 'C:/Program Files/Unity/Hub/Editor/2022.1.8f1/Editor/Data/MonoBleedingEdge/etc'
Using monoOptions --debugger-agent=transport=dt_socket,embedding=1,server=y,suspend=n,address=127.0.0.1:56892
Begin MonoManager ReloadAssembly
Registering precompiled unity dll's ...
Register platform support module: C:/Program Files/Unity/Hub/Editor/2022.1.8f1/Editor/Data/PlaybackEngines/AndroidPlayer/UnityEditor.Android.Extensions.dll
Register platform support module: C:/Program Files/Unity/Hub/Editor/2022.1.8f1/Editor/Data/PlaybackEngines/WindowsStandaloneSupport/UnityEditor.WindowsStandalone.Extensions.dll
Registered in 0.013507 seconds.
Native extension for WindowsStandalone target not found
Native extension for Android target not found
Refreshing native plugins compatible for Editor in 87.67 ms, found 3 plugins.
Preloading 0 native plugins for Editor in 0.00 ms.
Mono: successfully reloaded assembly
- Completed reload, in  0.798 seconds
Domain Reload Profiling:
	ReloadAssembly (799ms)
		BeginReloadAssembly (95ms)
			ExecutionOrderSort (0ms)
			DisableScriptedObjects (0ms)
			BackupInstance (0ms)
			ReleaseScriptingObjects (0ms)
			CreateAndSetChildDomain (1ms)
		EndReloadAssembly (565ms)
			LoadAssemblies (92ms)
			RebuildTransferFunctionScriptingTraits (0ms)
			SetupTypeCache (140ms)
				TypeCache.Initialize (140ms)
					TypeCache.ScanAssembly (139ms)
				ResolveRequiredComponents (1ms)
			ReleaseScriptCaches (0ms)
			RebuildScriptCaches (30ms)
			SetupLoadedEditorAssemblies (332ms)
				LogAssemblyErrors (0ms)
				InitializePlatformSupportModulesInManaged (63ms)
				SetLoadedEditorAssemblies (10ms)
				RefreshPlugins (88ms)
				BeforeProcessingInitializeOnLoad (1ms)
				ProcessInitializeOnLoadAttributes (117ms)
				ProcessInitializeOnLoadMethodAttributes (53ms)
				AfterProcessingInitializeOnLoad (0ms)
				EditorAssembliesLoaded (0ms)
			ExecutionOrderSort2 (0ms)
			AwakeInstancesAfterBackupRestoration (0ms)
Platform modules already initialized, skipping
Registering precompiled user dll's ...
Registered in 0.005597 seconds.
Begin MonoManager ReloadAssembly
Symbol file LoadedFromMemory doesn't match image D:\GitHub\Reposit\AddTask\Additional task\Library\PackageCache\com.unity.visualscripting@1.7.8\Editor\VisualScripting.Core\Dependencies\YamlDotNet\Unity.VisualScripting.YamlDotNet.dll
Symbol file LoadedFromMemory doesn't match image D:\GitHub\Reposit\AddTask\Additional task\Library\PackageCache\com.unity.visualscripting@1.7.8\Editor\VisualScripting.Core\Dependencies\DotNetZip\Unity.VisualScripting.IonicZip.dll
Native extension for WindowsStandalone target not found
Native extension for Android target not found
Refreshing native plugins compatible for Editor in 0.74 ms, found 3 plugins.
Preloading 0 native plugins for Editor in 0.00 ms.
Mono: successfully reloaded assembly
- Completed reload, in  1.225 seconds
Domain Reload Profiling:
	ReloadAssembly (1226ms)
		BeginReloadAssembly (244ms)
			ExecutionOrderSort (0ms)
			DisableScriptedObjects (6ms)
			BackupInstance (0ms)
			ReleaseScriptingObjects (0ms)
			CreateAndSetChildDomain (129ms)
		EndReloadAssembly (852ms)
			LoadAssemblies (94ms)
			RebuildTransferFunctionScriptingTraits (0ms)
			SetupTypeCache (292ms)
				TypeCache.Initialize (287ms)
					TypeCache.ScanAssembly (283ms)
				ResolveRequiredComponents (5ms)
			ReleaseScriptCaches (1ms)
			RebuildScriptCaches (50ms)
			SetupLoadedEditorAssemblies (378ms)
				LogAssemblyErrors (0ms)
				InitializePlatformSupportModulesInManaged (16ms)
				SetLoadedEditorAssemblies (7ms)
				RefreshPlugins (1ms)
				BeforeProcessingInitializeOnLoad (88ms)
				ProcessInitializeOnLoadAttributes (225ms)
				ProcessInitializeOnLoadMethodAttributes (28ms)
				AfterProcessingInitializeOnLoad (12ms)
				EditorAssembliesLoaded (0ms)
			ExecutionOrderSort2 (0ms)
			AwakeInstancesAfterBackupRestoration (7ms)
Platform modules already initialized, skipping
========================================================================
Worker process is ready to serve import requests
Launched and connected shader compiler UnityShaderCompiler.exe after 0.06 seconds
Refreshing native plugins compatible for Editor in 0.80 ms, found 3 plugins.
Preloading 0 native plugins for Editor in 0.00 ms.
Unloading 3399 Unused Serialized files (Serialized files now loaded: 0)
Unloading 26 unused Assets / (59.2 KB). Loaded Objects now: 3878.
Memory consumption went from 0.58 GB to 0.58 GB.
Total: 5.305300 ms (FindLiveObjects: 0.435500 ms CreateObjectMapping: 0.489000 ms MarkObjects: 4.252500 ms  DeleteObjects: 0.126900 ms)

AssetImportParameters requested are different than current active one (requested -> active):
  custom:video-decoder-ogg-theora: a1e56fd34408186e4bbccfd4996cb3dc -> 
  custom:container-muxer-webm: aa71ff27fc2769a1b78a27578f13a17b -> 
  custom:container-demuxer-webm: 4f35f7cbe854078d1ac9338744f61a02 -> 
  custom:video-encoder-webm-vp8: eb34c28f22e8b96e1ab97ce403110664 -> 
  custom:video-codec-MediaFoundation-h265: 746d11721c4dcdbdad8f713fa42b33f4 -> 
  custom:audio-encoder-webm-vorbis: bf7c407c2cedff20999df2af8eb42d56 -> 
  custom:framework-win-MediaFoundation: 216162199b28c13a410421893ffa2e32 -> 
  custom:container-demuxer-ogg: 62fdf1f143b41e24485cea50d1cbac27 -> 
  custom:video-decoder-webm-vp8: 9c59270c3fd7afecdb556c50c9e8de78 -> 
  custom:audio-decoder-ogg-vorbis: bf7c407c2cedff20999df2af8eb42d56 -> 
========================================================================
Received Import Request.
  Time since last request: 21046.200974 seconds.
  path: Assets/Resources/Models/Flowers.fbx
  artifactKey: Guid(cca983b037ca1f64a8a1fb9d9eb49bbb) Importer(815301076,1909f56bfc062723c751e8b465ee728b)
Start importing Assets/Resources/Models/Flowers.fbx using Guid(cca983b037ca1f64a8a1fb9d9eb49bbb) Importer(815301076,1909f56bfc062723c751e8b465ee728b)  -> (artifact id: 'c34f293dc0b7d74f429976711b9a38d6') in 0.231986 seconds 
========================================================================
Received Import Request.
  Time since last request: 0.000034 seconds.
  path: Assets/Resources/Models/Mushrooms.fbx
  artifactKey: Guid(c43f8078a174987439a67ccaab3be883) Importer(815301076,1909f56bfc062723c751e8b465ee728b)
Start importing Assets/Resources/Models/Mushrooms.fbx using Guid(c43f8078a174987439a67ccaab3be883) Importer(815301076,1909f56bfc062723c751e8b465ee728b)  -> (artifact id: 'a8abc28a526b4573daf8ce49845ac55f') in 0.059210 seconds 
========================================================================
Received Import Request.
  Time since last request: 0.000042 seconds.
  path: Assets/Resources/Models/Trees.fbx
  artifactKey: Guid(35d16cd66330b3d478844c42dfc1912a) Importer(815301076,1909f56bfc062723c751e8b465ee728b)
Start importing Assets/Resources/Models/Trees.fbx using Guid(35d16cd66330b3d478844c42dfc1912a) Importer(815301076,1909f56bfc062723c751e8b465ee728b)  -> (artifact id: '3b2c75d01c4bffa3d1e90e73bcfed3df') in 0.083155 seconds 
========================================================================
Received Import Request.
  Time since last request: 0.000039 seconds.
  path: Assets/Resources/Models/Stumps.fbx
  artifactKey: Guid(480d29c512ed7c94c84fd730bfb23246) Importer(815301076,1909f56bfc062723c751e8b465ee728b)
Start importing Assets/Resources/Models/Stumps.fbx using Guid(480d29c512ed7c94c84fd730bfb23246) Importer(815301076,1909f56bfc062723c751e8b465ee728b)  -> (artifact id: 'a951f8fe55fdd0c1661aae7fd01951a8') in 0.061191 seconds 
========================================================================
Received Import Request.
  Time since last request: 0.000031 seconds.
  path: Assets/Resources/Models/Rocks.fbx
  artifactKey: Guid(b028c90d3d17c7849a589391cd891c6c) Importer(815301076,1909f56bfc062723c751e8b465ee728b)
Start importing Assets/Resources/Models/Rocks.fbx using Guid(b028c90d3d17c7849a589391cd891c6c) Importer(815301076,1909f56bfc062723c751e8b465ee728b)  -> (artifact id: 'e68650e666cd3f25a39f8928a3ecb2f2') in 0.183876 seconds 
========================================================================
Received Import Request.
  Time since last request: 0.000038 seconds.
  path: Assets/Resources/Models/Log.fbx
  artifactKey: Guid(2fc4f35c395a8444a8864c11b6d62042) Importer(815301076,1909f56bfc062723c751e8b465ee728b)
Start importing Assets/Resources/Models/Log.fbx using Guid(2fc4f35c395a8444a8864c11b6d62042) Importer(815301076,1909f56bfc062723c751e8b465ee728b)  -> (artifact id: '8e32cc42484f3e2ebdfc66c361e3dc2b') in 0.021489 seconds 
========================================================================
Received Import Request.
  Time since last request: 4.391054 seconds.
  path: Assets/Resources/Materials/Pine Tree Branch.mat
  artifactKey: Guid(ef2cadc777a51a44285cba398e702af2) Importer(815301076,1909f56bfc062723c751e8b465ee728b)
Start importing Assets/Resources/Materials/Pine Tree Branch.mat using Guid(ef2cadc777a51a44285cba398e702af2) Importer(815301076,1909f56bfc062723c751e8b465ee728b)  -> (artifact id: '0cfca198e8fc5ae0463ad7ebf0a2ce54') in 0.243952 seconds 
========================================================================
Received Import Request.
  Time since last request: 0.000037 seconds.
  path: Assets/Resources/Materials/PT_Fruit_Tree_Opaque_mat.mat
  artifactKey: Guid(3aa5033df81861541940edc2e079486b) Importer(815301076,1909f56bfc062723c751e8b465ee728b)
Start importing Assets/Resources/Materials/PT_Fruit_Tree_Opaque_mat.mat using Guid(3aa5033df81861541940edc2e079486b) Importer(815301076,1909f56bfc062723c751e8b465ee728b)  -> (artifact id: '0dd089dc6b72cc8c85bd8c99aacf714d') in 0.652219 seconds 
========================================================================
Received Import Request.
  Time since last request: 0.000033 seconds.
  path: Assets/Resources/Materials/PT_Grass_Mat.mat
  artifactKey: Guid(0944dcc7e6f794d47b058e567c9af9a3) Importer(815301076,1909f56bfc062723c751e8b465ee728b)
Start importing Assets/Resources/Materials/PT_Grass_Mat.mat using Guid(0944dcc7e6f794d47b058e567c9af9a3) Importer(815301076,1909f56bfc062723c751e8b465ee728b)  -> (artifact id: '1339ce0ddf04da902b927ba304b12770') in 0.694712 seconds 
========================================================================
Received Import Request.
  Time since last request: 0.000027 seconds.
  path: Assets/Resources/Materials/PT_Mushrooms_mat.mat
  artifactKey: Guid(8b7af8344370e174ca925c61aef2d6e8) Importer(815301076,1909f56bfc062723c751e8b465ee728b)
Start importing Assets/Resources/Materials/PT_Mushrooms_mat.mat using Guid(8b7af8344370e174ca925c61aef2d6e8) Importer(815301076,1909f56bfc062723c751e8b465ee728b)  -> (artifact id: 'fc19fa9f5556d00bc8cbf323c0f29017') in 0.022518 seconds 
========================================================================
Received Import Request.
  Time since last request: 0.000039 seconds.
  path: Assets/Resources/Materials/PT_Generic_Leaf_mat.mat
  artifactKey: Guid(0472e2ea952d941458e185f6c732c448) Importer(815301076,1909f56bfc062723c751e8b465ee728b)
Start importing Assets/Resources/Materials/PT_Generic_Leaf_mat.mat using Guid(0472e2ea952d941458e185f6c732c448) Importer(815301076,1909f56bfc062723c751e8b465ee728b)  -> (artifact id: 'd9b88bdc6a07ee0a8008d725e5745dde') in 0.741738 seconds 
========================================================================
Received Import Request.
  Time since last request: 0.000031 seconds.
  path: Assets/Resources/Materials/Water.mat
  artifactKey: Guid(ea5fa6ec02c9f634e88d004598d217c4) Importer(815301076,1909f56bfc062723c751e8b465ee728b)
Start importing Assets/Resources/Materials/Water.mat using Guid(ea5fa6ec02c9f634e88d004598d217c4) Importer(815301076,1909f56bfc062723c751e8b465ee728b)  -> (artifact id: '53969532a34af2b652c2b8046a0606c0') in 0.021343 seconds 
========================================================================
Received Import Request.
  Time since last request: 0.000041 seconds.
  path: Assets/Resources/Materials/PT_Fruit_Tree_Foliage_Mat.mat
  artifactKey: Guid(d2e27dd52279b9242af55855949978e5) Importer(815301076,1909f56bfc062723c751e8b465ee728b)
Start importing Assets/Resources/Materials/PT_Fruit_Tree_Foliage_Mat.mat using Guid(d2e27dd52279b9242af55855949978e5) Importer(815301076,1909f56bfc062723c751e8b465ee728b)  -> (artifact id: '8aa98990732fa2dda323a542944e93eb') in 0.573144 seconds 
========================================================================
Received Import Request.
  Time since last request: 2.511719 seconds.
  path: Assets/Resources/Textures/Pine Tree Branch.png
  artifactKey: Guid(eef8afe969073cd4d9cfb6cc540b93aa) Importer(815301076,1909f56bfc062723c751e8b465ee728b)
Start importing Assets/Resources/Textures/Pine Tree Branch.png using Guid(eef8afe969073cd4d9cfb6cc540b93aa) Importer(815301076,1909f56bfc062723c751e8b465ee728b)  -> (artifact id: 'eb9c6e750c71306d6b734363c896af59') in 0.043504 seconds 
Editor requested this worker to shutdown with reason: Scaling down because of idle timeout
AssetImportWorkerClient::OnTransportError - code=2 error=End of file
AssetImportWorker is now disconnected from the server
Process exiting
Exiting without the bug reporter. Application will terminate with return code 0